Arguments: 
  /Users/nick/.nvm/versions/node/v8.7.0/bin/node /Users/nick/.nvm/versions/node/v8.7.0/bin/yarn start

PATH: 
  /Users/nick/.nvm/versions/node/v8.7.0/bin:/usr/local/bin:/usr/bin:/bin:/usr/sbin:/sbin

Yarn version: 
  1.5.1

Node version: 
  8.7.0

Platform: 
  darwin x64

npm manifest: 
  No manifest

yarn manifest: 
  No manifest

Lockfile: 
  No lockfile

Trace: 
  Error: Couldn't find a package.json file in "/Users/nick/Documents/workspace/Personal-Projects/phar"
      at new MessageError (/Users/nick/.nvm/versions/node/v8.7.0/lib/node_modules/yarn/lib/cli.js:186:110)
      at /Users/nick/.nvm/versions/node/v8.7.0/lib/node_modules/yarn/lib/cli.js:40048:15
      at Generator.next (<anonymous>)
      at step (/Users/nick/.nvm/versions/node/v8.7.0/lib/node_modules/yarn/lib/cli.js:98:30)
      at /Users/nick/.nvm/versions/node/v8.7.0/lib/node_modules/yarn/lib/cli.js:109:13
      at <anonymous>
